<?xml version="1.0" encoding="UTF-8"?>
<!-- Generated by org.testng.reporters.JUnitReportReporter -->
<testsuite hostname="LAPTOP-OURV1CIL" failures="0" tests="1" name="com.crm.createOrganisation.VerifyRegisteredUserAtAdminDashboard" time="18.166" errors="0" timestamp="2022-08-10T17:12:38 IST" skipped="0">
  <testcase classname="com.crm.createOrganisation.VerifyRegisteredUserAtAdminDashboard" name="registerField" time="18.166"/>
  <system-out/>
</testsuite> <!-- com.crm.createOrganisation.VerifyRegisteredUserAtAdminDashboard -->
