<?xml version="1.0" encoding="UTF-8"?>
<!-- Generated by org.testng.reporters.JUnitReportReporter -->
<testsuite hostname="LAPTOP-OURV1CIL" failures="0" tests="1" name="com.crm.createOrganisation.OwnerModuleSmokeTest1" time="12.678" errors="0" timestamp="2022-08-04T16:28:50 IST" skipped="0">
  <testcase classname="com.crm.createOrganisation.OwnerModuleSmokeTest1" name="regitserToAppln" time="12.678"/>
  <system-out/>
</testsuite> <!-- com.crm.createOrganisation.OwnerModuleSmokeTest1 -->
