<?xml version="1.0" encoding="UTF-8"?>
<!-- Generated by org.testng.reporters.JUnitReportReporter -->
<testsuite hostname="HarishaMV" failures="0" tests="1" name="com.crm.CreateOwner.CreateOwnerAndVerify" time="16.747" errors="0" timestamp="2022-08-12T11:52:57 IST" skipped="0">
  <testcase classname="com.crm.CreateOwner.CreateOwnerAndVerify" name="VerifyTheOwnerCreatedRoomDetailsinTheRegisterdRoomList" time="16.747"/>
  <system-out/>
</testsuite> <!-- com.crm.CreateOwner.CreateOwnerAndVerify -->
